<?xml version="1.0" encoding="UTF-8"?>
<testsuite xmlns:xsi="http://www.w3.org/2001/XMLSchema-instance" xsi:noNamespaceSchemaLocation="https://maven.apache.org/surefire/maven-surefire-plugin/xsd/surefire-test-report.xsd" version="3.0.2" name="DFS_2.pms.PmsApplicationTests" time="5.488" tests="1" errors="0" skipped="0" failures="0">
  <properties>
[...]
</properties>
  <testcase name="contextLoads" classname="DFS_2.pms.PmsApplicationTests" time="0.252">
    <system-out><![CDATA[18:08:36.961 [main] INFO org.springframework.test.context.support.AnnotationConfigContextLoaderUtils -- Could not detect default configuration classes for test class [DFS_2.pms.PmsApplicationTests]: PmsApplicationTests does not declare any static, non-private, non-final, nested classes annotated with @Configuration.
18:08:37.042 [main] INFO org.springframework.boot.test.context.SpringBootTestContextBootstrapper -- Found @SpringBootConfiguration DFS_2.pms.PmsApplication for test class DFS_2.pms.PmsApplicationTests

  .   ____          _            __ _ _
 /\\ / ___'_ __ _ _(_)_ __  __ _ \ \ \ \
( ( )\___ | '_ | '_| | '_ \/ _` | \ \ \ \
 \\/  ___)| |_)| | | | | || (_| |  ) ) ) )
  '  |____| .__|_| |_|_| |_\__, | / / / /
 =========|_|==============|___/=/_/_/_/

 :: Spring Boot ::                (v3.5.7)

2025-12-15T18:08:37.368-03:00  INFO 16592 --- [pms] [           main] DFS_2.pms.PmsApplicationTests            : Starting PmsApplicationTests using Java 17.0.17 with PID 16592 (started by tobal in C:\Users\tobal\Desktop\DFS_2_backend_pasteleria_mil_sabores\pms)
2025-12-15T18:08:37.369-03:00  INFO 16592 --- [pms] [           main] DFS_2.pms.PmsApplicationTests            : No active profile set, falling back to 1 default profile: "default"
2025-12-15T18:08:37.933-03:00  INFO 16592 --- [pms] [           main] .s.d.r.c.RepositoryConfigurationDelegate : Bootstrapping Spring Data JPA repositories in DEFAULT mode.
2025-12-15T18:08:37.982-03:00  INFO 16592 --- [pms] [           main] .s.d.r.c.RepositoryConfigurationDelegate : Finished Spring Data repository scanning in 42 ms. Found 5 JPA repository interfaces.
2025-12-15T18:08:38.369-03:00  INFO 16592 --- [pms] [           main] o.hibernate.jpa.internal.util.LogHelper  : HHH000204: Processing PersistenceUnitInfo [name: default]
2025-12-15T18:08:38.413-03:00  INFO 16592 --- [pms] [           main] org.hibernate.Version                    : HHH000412: Hibernate ORM core version 6.6.33.Final
2025-12-15T18:08:38.439-03:00  INFO 16592 --- [pms] [           main] o.h.c.internal.RegionFactoryInitiator    : HHH000026: Second-level cache disabled
2025-12-15T18:08:38.693-03:00  INFO 16592 --- [pms] [           main] o.s.o.j.p.SpringPersistenceUnitInfo      : No LoadTimeWeaver setup: ignoring JPA class transformer
2025-12-15T18:08:38.719-03:00  INFO 16592 --- [pms] [           main] com.zaxxer.hikari.HikariDataSource       : HikariPool-1 - Starting...
2025-12-15T18:08:39.355-03:00  INFO 16592 --- [pms] [           main] com.zaxxer.hikari.pool.HikariPool        : HikariPool-1 - Added connection oracle.jdbc.driver.T4CConnection@6814262d
2025-12-15T18:08:39.357-03:00  INFO 16592 --- [pms] [           main] com.zaxxer.hikari.HikariDataSource       : HikariPool-1 - Start completed.
2025-12-15T18:08:39.529-03:00  WARN 16592 --- [pms] [           main] org.hibernate.orm.deprecation            : HHH90000025: OracleDialect does not need to be specified explicitly using 'hibernate.dialect' (remove the property setting and it will be selected by default)
2025-12-15T18:08:39.572-03:00  INFO 16592 --- [pms] [           main] org.hibernate.orm.connections.pooling    : HHH10001005: Database info:
	Database JDBC URL [Connecting through datasource 'HikariDataSource (HikariPool-1)']
	Database driver: undefined/unknown
	Database version: 19.29
	Autocommit mode: undefined/unknown
	Isolation level: undefined/unknown
	Minimum pool size: undefined/unknown
	Maximum pool size: undefined/unknown
2025-12-15T18:08:40.196-03:00 DEBUG 16592 --- [pms] [           main] org.hibernate.SQL                        : 
    create global temporary table HTE_categoria(c_id number(10, 0), rn_ number(10, 0) not null, c_categoria varchar2(255 char), primary key (rn_)) 
        on commit delete rows
Hibernate: 
    create global temporary table HTE_categoria(c_id number(10, 0), rn_ number(10, 0) not null, c_categoria varchar2(255 char), primary key (rn_)) 
        on commit delete rows
2025-12-15T18:08:40.215-03:00 DEBUG 16592 --- [pms] [           main] org.hibernate.SQL                        : 
    create global temporary table HTE_boleta(b_id number(10, 0), b_id_detalle number(10, 0), b_monto_total number(10, 0), rn_ number(10, 0) not null, b_nombre_comprador varchar2(255 char), b_nombre_recibidor varchar2(255 char), primary key (rn_)) 
        on commit delete rows
Hibernate: 
    create global temporary table HTE_boleta(b_id number(10, 0), b_id_detalle number(10, 0), b_monto_total number(10, 0), rn_ number(10, 0) not null, b_nombre_comprador varchar2(255 char), b_nombre_recibidor varchar2(255 char), primary key (rn_)) 
        on commit delete rows
2025-12-15T18:08:40.230-03:00 DEBUG 16592 --- [pms] [           main] org.hibernate.SQL                        : 
    create global temporary table HTE_usuarios(rn_ number(10, 0) not null, u_id number(10, 0), u_opta_regalo_cumpleanios number(1, 0), u_tiene_desc_10 number(1, 0), u_tiene_desc_50 number(1, 0), u_apellido varchar2(255 char), u_comuna varchar2(255 char), u_contrasenia varchar2(255 char), u_correo varchar2(255 char), u_direccion varchar2(255 char), u_f_nacimiento varchar2(255 char), u_f_registro varchar2(255 char), u_nombre varchar2(255 char), u_region varchar2(255 char), u_rol varchar2(255 char), primary key (rn_)) 
        on commit delete rows
Hibernate: 
    create global temporary table HTE_usuarios(rn_ number(10, 0) not null, u_id number(10, 0), u_opta_regalo_cumpleanios number(1, 0), u_tiene_desc_10 number(1, 0), u_tiene_desc_50 number(1, 0), u_apellido varchar2(255 char), u_comuna varchar2(255 char), u_contrasenia varchar2(255 char), u_correo varchar2(255 char), u_direccion varchar2(255 char), u_f_nacimiento varchar2(255 char), u_f_registro varchar2(255 char), u_nombre varchar2(255 char), u_region varchar2(255 char), u_rol varchar2(255 char), primary key (rn_)) 
        on commit delete rows
2025-12-15T18:08:40.246-03:00 DEBUG 16592 --- [pms] [           main] org.hibernate.SQL                        : 
    create global temporary table HTE_detalle_boleta(db_cantidad_total number(10, 0), db_id number(10, 0), db_id_boleta number(10, 0), db_monto_total number(10, 0), rn_ number(10, 0) not null, db_fecha_compra timestamp(6), db_fecha_despacho timestamp(6), db_direccion_despacho varchar2(255 char), db_id_productos_comprados varchar2(255 char), db_nombre_comprador varchar2(255 char), db_nombre_recibidor varchar2(255 char), primary key (rn_)) 
        on commit delete rows
Hibernate: 
    create global temporary table HTE_detalle_boleta(db_cantidad_total number(10, 0), db_id number(10, 0), db_id_boleta number(10, 0), db_monto_total number(10, 0), rn_ number(10, 0) not null, db_fecha_compra timestamp(6), db_fecha_despacho timestamp(6), db_direccion_despacho varchar2(255 char), db_id_productos_comprados varchar2(255 char), db_nombre_comprador varchar2(255 char), db_nombre_recibidor varchar2(255 char), primary key (rn_)) 
        on commit delete rows
2025-12-15T18:08:40.359-03:00  INFO 16592 --- [pms] [           main] o.h.e.t.j.p.i.JtaPlatformInitiator       : HHH000489: No JTA platform available (set 'hibernate.transaction.jta.platform' to enable JTA platform integration)
2025-12-15T18:08:41.084-03:00  INFO 16592 --- [pms] [           main] j.LocalContainerEntityManagerFactoryBean : Initialized JPA EntityManagerFactory for persistence unit 'default'
2025-12-15T18:08:41.396-03:00  WARN 16592 --- [pms] [           main] JpaBaseConfiguration$JpaWebConfiguration : spring.jpa.open-in-view is enabled by default. Therefore, database queries may be performed during view rendering. Explicitly configure spring.jpa.open-in-view to disable this warning
2025-12-15T18:08:41.701-03:00  INFO 16592 --- [pms] [           main] DFS_2.pms.PmsApplicationTests            : Started PmsApplicationTests in 4.543 seconds (process running for 5.207)
2025-12-15T18:08:42.002-03:00 DEBUG 16592 --- [pms] [           main] org.hibernate.SQL                        : 
    select
        count(*) 
    from
        categoria c1_0
Hibernate: 
    select
        count(*) 
    from
        categoria c1_0
=== La base de datos ya contiene categorías. No se precargarán datos. ===
2025-12-15T18:08:42.025-03:00 DEBUG 16592 --- [pms] [           main] org.hibernate.SQL                        : 
    select
        count(*) 
    from
        usuarios u1_0
Hibernate: 
    select
        count(*) 
    from
        usuarios u1_0
2025-12-15T18:08:42.048-03:00 DEBUG 16592 --- [pms] [           main] org.hibernate.SQL                        : 
    select
        u1_0.u_id,
        u1_0.u_apellido,
        u1_0.u_comuna,
        u1_0.u_contrasenia,
        u1_0.u_correo,
        u1_0.u_tiene_desc_10,
        u1_0.u_tiene_desc_50,
        u1_0.u_direccion,
        u1_0.u_f_nacimiento,
        u1_0.u_f_registro,
        u1_0.u_nombre,
        u1_0.u_opta_regalo_cumpleanios,
        u1_0.u_region,
        u1_0.u_rol 
    from
        usuarios u1_0
Hibernate: 
    select
        u1_0.u_id,
        u1_0.u_apellido,
        u1_0.u_comuna,
        u1_0.u_contrasenia,
        u1_0.u_correo,
        u1_0.u_tiene_desc_10,
        u1_0.u_tiene_desc_50,
        u1_0.u_direccion,
        u1_0.u_f_nacimiento,
        u1_0.u_f_registro,
        u1_0.u_nombre,
        u1_0.u_opta_regalo_cumpleanios,
        u1_0.u_region,
        u1_0.u_rol 
    from
        usuarios u1_0
=== Usuario administrador ya existe en la base de datos ===
2025-12-15T18:08:42.069-03:00 DEBUG 16592 --- [pms] [           main] org.hibernate.SQL                        : 
    select
        count(*) 
    from
        producto p1_0
Hibernate: 
    select
        count(*) 
    from
        producto p1_0
=== La base de datos ya contiene productos. No se precargarán datos. ===
2025-12-15T18:08:42.080-03:00 DEBUG 16592 --- [pms] [           main] org.hibernate.SQL                        : 
    select
        u1_0.u_id,
        u1_0.u_apellido,
        u1_0.u_comuna,
        u1_0.u_contrasenia,
        u1_0.u_correo,
        u1_0.u_tiene_desc_10,
        u1_0.u_tiene_desc_50,
        u1_0.u_direccion,
        u1_0.u_f_nacimiento,
        u1_0.u_f_registro,
        u1_0.u_nombre,
        u1_0.u_opta_regalo_cumpleanios,
        u1_0.u_region,
        u1_0.u_rol 
    from
        usuarios u1_0
Hibernate: 
    select
        u1_0.u_id,
        u1_0.u_apellido,
        u1_0.u_comuna,
        u1_0.u_contrasenia,
        u1_0.u_correo,
        u1_0.u_tiene_desc_10,
        u1_0.u_tiene_desc_50,
        u1_0.u_direccion,
        u1_0.u_f_nacimiento,
        u1_0.u_f_registro,
        u1_0.u_nombre,
        u1_0.u_opta_regalo_cumpleanios,
        u1_0.u_region,
        u1_0.u_rol 
    from
        usuarios u1_0
=== Usuario vendedor ya existe en la base de datos ===
]]></system-out>
  </testcase>
</testsuite>